[2015-03-03 18:20 America/Los_Angeles] HTTP request of validation request:POST /cgi-bin/webscr HTTP/1.1
Host: www.paypal.com
Accept: */*
Connection: Close
Content-Length: 1019
Content-Type: application/x-www-form-urlencoded

 for IPN payload: cmd=_notify-validate&mc_gross=0.01&protection_eligibility=Eligible&address_status=confirmed&item_number1=1&payer_id=R7ZKGLKY5ZFL6&tax=0.00&address_street=1+Main+St&payment_date=18%3A19%3A46+Mar+03%2C+2015+PST&payment_status=Completed&charset=windows-1252&address_zip=95131&mc_shipping=0.00&mc_handling=0.00&first_name=David&mc_fee=0.01&address_country_code=US&address_name=9478327&notify_version=3.8&custom=&payer_status=verified&business=dwarvenknowledgellc%40gmail.com&address_country=United+States&num_cart_items=1&address_city=San+Jose&verify_sign=ARHPijWmCCSUguBRmsQZVk1xNcMRA2D-F5CMGHCeJMPzDOBwxJtGszrV&payer_email=divad97dragon%40aim.com&txn_id=3E9464065R057415R&payment_type=instant&payer_business_name=SkullCrusher+Products&last_name=Harkins&address_state=CA&item_name1=pork&receiver_email=dwarvenknowledgellc%40gmail.com&payment_fee=0.01&quantity1=1&receiver_id=T848VD62JLL56&txn_type=cart&mc_gross_1=0.01&mc_currency=USD&residence_country=US&transaction_subject=&payment_gross=0.01&ipn_track_id=fee3217398dca
[2015-03-03 18:20 America/Los_Angeles] HTTP response of validation request: HTTP/1.1 200 OK
Server: Apache
X-Frame-Options: SAMEORIGIN
Cache-Control: max-age=0, no-cache, no-store, must-revalidate
Pragma: no-cache
Content-Type: text/html; charset=UTF-8
DC: slc-origin-www.paypal.com
Date: Wed, 04 Mar 2015 02:20:05 GMT
Content-Length: 8
Connection: close
Set-Cookie: cwrClyrK4LoCV1fydGbAxiNL6iG=0xiALaZ0YFs6V46zjSmFImluFBr0bepVbSC-GiSPXhknH8V7DFz_CxOfoSbDgAnv2C0GQwvb0zVTKh6ZbJwWS1eazWatR3Z53dfr-RvprgrFxJb08DdR02qRFad5aWQCjJOyXqLh_0SU-k1T6V8enVFf-Ub_nK5leYg9_Tva6R59XitV5zT7u_P8Cgwup7HSs_Y4w9GyaTdA6GmwD66-1XIVzZ7fwLzc-6rfMBAheKtUUMh5P50R4qnwPsQZ0so7FnAnb-09BZiQ-plGEqBCyyab42bUOTlKRnNjk4erlQbNZ125xE-LhxHGAYwVYhot_t1MjZDNKyqYG-YxHAZcJAbH66nR9jxSfXPZX2p6QUsAyuZH_XpJ08L5nAt9RNeXEbui-cn20FhIZpoto_avL-SNcbF0ZS0-zZRTUbT_MOBkUGsYBHDlFBb9OYS; domain=.paypal.com; path=/; Secure; HttpOnly
Set-Cookie: cookie_check=yes; expires=Sat, 01-Mar-2025 02:20:05 GMT; domain=.paypal.com; path=/; Secure; HttpOnly
Set-Cookie: navcmd=_notify-validate; domain=.paypal.com; path=/; Secure; HttpOnly
Set-Cookie: navlns=0.0; expires=Fri, 03-Mar-2017 02:20:05 GMT; domain=.paypal.com; path=/; Secure; HttpOnly
Set-Cookie: Apache=10.16.0.147.1425435605342644; path=/; expires=Fri, 24-Feb-45 02:20:05 GMT
Set-Cookie: X-PP-SILOVER=name%3DLIVE9.WEB.1%26silo_version%3D880%26app%3Dappdispatcher%26TIME%3D3580622420; domain=.paypal.com; path=/; Secure; HttpOnly
Set-Cookie: X-PP-SILOVER=; Expires=Thu, 01 Jan 1970 00:00:01 GMT
Set-Cookie: Apache=10.16.0.11.1425435605336112; path=/; expires=Fri, 24-Feb-45 02:20:05 GMT
Set-Cookie: AKDC=slc-origin-www.paypal.com; expires=Wed, 04-Mar-2015 02:50:05 GMT; path=/; secure
Strict-Transport-Security: max-age=63072000

VERIFIED
[2015-03-03 18:20 America/Los_Angeles] Verified IPN: cmd=_notify-validate&mc_gross=0.01&protection_eligibility=Eligible&address_status=confirmed&item_number1=1&payer_id=R7ZKGLKY5ZFL6&tax=0.00&address_street=1+Main+St&payment_date=18%3A19%3A46+Mar+03%2C+2015+PST&payment_status=Completed&charset=windows-1252&address_zip=95131&mc_shipping=0.00&mc_handling=0.00&first_name=David&mc_fee=0.01&address_country_code=US&address_name=9478327&notify_version=3.8&custom=&payer_status=verified&business=dwarvenknowledgellc%40gmail.com&address_country=United+States&num_cart_items=1&address_city=San+Jose&verify_sign=ARHPijWmCCSUguBRmsQZVk1xNcMRA2D-F5CMGHCeJMPzDOBwxJtGszrV&payer_email=divad97dragon%40aim.com&txn_id=3E9464065R057415R&payment_type=instant&payer_business_name=SkullCrusher+Products&last_name=Harkins&address_state=CA&item_name1=pork&receiver_email=dwarvenknowledgellc%40gmail.com&payment_fee=0.01&quantity1=1&receiver_id=T848VD62JLL56&txn_type=cart&mc_gross_1=0.01&mc_currency=USD&residence_country=US&transaction_subject=&payment_gross=0.01&ipn_track_id=fee3217398dca 
